<?xml version="1.0" encoding="UTF-8" standalone="no"?>
<!DOCTYPE log SYSTEM "logger.dtd">
<log>
<record>
  <date>2022-10-06T11:05:21.682-0300</date>
  <logger>CATARINA RAMALHO DOS SANTOS</logger>
  <level>FINE</level>
  <message>File 121110708-CATARINA RAMALHO DOS SANTOS.zip was received. It was sent by CATARINA RAMALHO DOS SANTOS from IP 150.165.42.201 at 06-10-2022 11*05*21</message>
</record>
</log>
<?xml version="1.0" encoding="UTF-8" standalone="no"?>
<!DOCTYPE log SYSTEM "logger.dtd">
<log>
<record>
  <date>2022-10-08T17:41:30.591-0300</date>
  <logger>CATARINA RAMALHO DOS SANTOS</logger>
  <level>FINE</level>
  <message>File 121110708-CATARINA RAMALHO DOS SANTOS.zip was received. It was sent by CATARINA RAMALHO DOS SANTOS from IP 192.168.0.14 at 08-10-2022 17*41*30</message>
</record>
</log>
<?xml version="1.0" encoding="UTF-8" standalone="no"?>
<!DOCTYPE log SYSTEM "logger.dtd">
<log>
<record>
  <date>2022-10-13T11:46:49.079-0300</date>
  <logger>CATARINA RAMALHO DOS SANTOS</logger>
  <level>FINE</level>
  <message>File 121110708-CATARINA RAMALHO DOS SANTOS.zip was received. It was sent by CATARINA RAMALHO DOS SANTOS from IP 150.165.42.196 at 13-10-2022 11*46*49</message>
</record>
</log>
<?xml version="1.0" encoding="UTF-8" standalone="no"?>
<!DOCTYPE log SYSTEM "logger.dtd">
<log>
<record>
  <date>2022-10-13T11:49:15.688-0300</date>
  <logger>CATARINA RAMALHO DOS SANTOS</logger>
  <level>FINE</level>
  <message>File 121110708-CATARINA RAMALHO DOS SANTOS.zip was received. It was sent by CATARINA RAMALHO DOS SANTOS from IP 150.165.42.196 at 13-10-2022 11*49*15</message>
</record>
</log>
<?xml version="1.0" encoding="UTF-8" standalone="no"?>
<!DOCTYPE log SYSTEM "logger.dtd">
<log>
<record>
  <date>2022-10-13T23:25:00.213-0300</date>
  <logger>CATARINA RAMALHO DOS SANTOS</logger>
  <level>FINE</level>
  <message>File 121110708-CATARINA RAMALHO DOS SANTOS.zip was received. It was sent by CATARINA RAMALHO DOS SANTOS from IP 192.168.0.14 at 13-10-2022 23*25*00</message>
</record>
