<?xml version="1.0" encoding="UTF-8" standalone="no"?>
<!DOCTYPE log SYSTEM "logger.dtd">
<log>
<record>
  <date>2022-11-01T08:28:28.093-0300</date>
  <logger>CATARINA RAMALHO DOS SANTOS</logger>
  <level>FINE</level>
  <message>File 121110708-CATARINA RAMALHO DOS SANTOS.zip was received. It was sent by CATARINA RAMALHO DOS SANTOS from IP 150.165.42.184 at 01-11-2022 08*28*28</message>
</record>
</log>
<?xml version="1.0" encoding="UTF-8" standalone="no"?>
<!DOCTYPE log SYSTEM "logger.dtd">
<log>
<record>
  <date>2022-11-03T11:58:43.399-0300</date>
  <logger>CATARINA RAMALHO DOS SANTOS</logger>
  <level>FINE</level>
  <message>File 121110708-CATARINA RAMALHO DOS SANTOS.zip was received. It was sent by CATARINA RAMALHO DOS SANTOS from IP 150.165.42.184 at 03-11-2022 11*58*43</message>
</record>
</log>
<?xml version="1.0" encoding="UTF-8" standalone="no"?>
<!DOCTYPE log SYSTEM "logger.dtd">
<log>
<record>
  <date>2022-11-06T22:54:14.267-0300</date>
  <logger>CATARINA RAMALHO DOS SANTOS</logger>
  <level>FINE</level>
  <message>File 121110708-CATARINA RAMALHO DOS SANTOS.zip was received. It was sent by CATARINA RAMALHO DOS SANTOS from IP 192.168.0.14 at 06-11-2022 22*54*14</message>
</record>
