<?xml version="1.0" encoding="UTF-8" standalone="no"?>
<!DOCTYPE log SYSTEM "logger.dtd">
<log>
<record>
  <date>2022-10-18T09:28:50.809-0300</date>
  <logger>CATARINA RAMALHO DOS SANTOS</logger>
  <level>FINE</level>
  <message>File 121110708-CATARINA RAMALHO DOS SANTOS.zip was received. It was sent by CATARINA RAMALHO DOS SANTOS from IP 150.165.42.188 at 18-10-2022 09*28*50</message>
</record>
</log>
<?xml version="1.0" encoding="UTF-8" standalone="no"?>
<!DOCTYPE log SYSTEM "logger.dtd">
<log>
<record>
  <date>2022-10-24T12:05:37.797-0300</date>
  <logger>CATARINA RAMALHO DOS SANTOS</logger>
  <level>FINE</level>
  <message>File 121110708-CATARINA RAMALHO DOS SANTOS.zip was received. It was sent by CATARINA RAMALHO DOS SANTOS from IP 192.168.0.14 at 24-10-2022 12*05*37</message>
</record>
</log>
<?xml version="1.0" encoding="UTF-8" standalone="no"?>
<!DOCTYPE log SYSTEM "logger.dtd">
<log>
<record>
  <date>2022-10-24T21:20:15.996-0300</date>
  <logger>CATARINA RAMALHO DOS SANTOS</logger>
  <level>FINE</level>
  <message>File 121110708-CATARINA RAMALHO DOS SANTOS.zip was received. It was sent by CATARINA RAMALHO DOS SANTOS from IP 192.168.0.14 at 24-10-2022 21*20*15</message>
</record>
</log>
<?xml version="1.0" encoding="UTF-8" standalone="no"?>
<!DOCTYPE log SYSTEM "logger.dtd">
<log>
<record>
  <date>2022-10-25T09:23:11.435-0300</date>
  <logger>CATARINA RAMALHO DOS SANTOS</logger>
  <level>FINE</level>
  <message>File 121110708-CATARINA RAMALHO DOS SANTOS.zip was received. It was sent by CATARINA RAMALHO DOS SANTOS from IP 150.165.42.184 at 25-10-2022 09*23*11</message>
</record>
</log>
<?xml version="1.0" encoding="UTF-8" standalone="no"?>
<!DOCTYPE log SYSTEM "logger.dtd">
<log>
<record>
  <date>2022-10-27T11:42:48.959-0300</date>
  <logger>CATARINA RAMALHO DOS SANTOS</logger>
  <level>FINE</level>
  <message>File 121110708-CATARINA RAMALHO DOS SANTOS.zip was received. It was sent by CATARINA RAMALHO DOS SANTOS from IP 150.165.42.180 at 27-10-2022 11*42*48</message>
</record>
